[2020-12-02 14:39:59,192] SEVERE {b7a.log.crash} - there are test failures 
java.lang.RuntimeException: there are test failures
	at org.ballerinalang.test.runtime.util.TesterinaUtils.executeTests(TesterinaUtils.java:77)
	at org.ballerinalang.test.runtime.Main.startTestSuit(Main.java:60)
	at org.ballerinalang.test.runtime.Main.main(Main.java:52)
 
[2020-12-03 11:58:49,669] SEVERE {b7a.log.crash} - there are test failures 
java.lang.RuntimeException: there are test failures
	at org.ballerinalang.test.runtime.util.TesterinaUtils.executeTests(TesterinaUtils.java:77)
	at org.ballerinalang.test.runtime.Main.startTestSuit(Main.java:60)
	at org.ballerinalang.test.runtime.Main.main(Main.java:52)
 
[2020-12-03 12:02:50,497] SEVERE {b7a.log.crash} - there are test failures 
java.lang.RuntimeException: there are test failures
	at org.ballerinalang.test.runtime.util.TesterinaUtils.executeTests(TesterinaUtils.java:77)
	at org.ballerinalang.test.runtime.Main.startTestSuit(Main.java:60)
	at org.ballerinalang.test.runtime.Main.main(Main.java:52)
 
[2020-12-03 12:03:52,733] SEVERE {b7a.log.crash} - there are test failures 
java.lang.RuntimeException: there are test failures
	at org.ballerinalang.test.runtime.util.TesterinaUtils.executeTests(TesterinaUtils.java:77)
	at org.ballerinalang.test.runtime.Main.startTestSuit(Main.java:60)
	at org.ballerinalang.test.runtime.Main.main(Main.java:52)
 
[2020-12-03 12:16:46,044] SEVERE {b7a.log.crash} - there are test failures 
java.lang.RuntimeException: there are test failures
	at org.ballerinalang.test.runtime.util.TesterinaUtils.executeTests(TesterinaUtils.java:77)
	at org.ballerinalang.test.runtime.Main.startTestSuit(Main.java:60)
	at org.ballerinalang.test.runtime.Main.main(Main.java:52)
 
